2020-05-14 10:40:42,222 INFO  [Log] -------------------HomePage01开始执行-------------------------- 
2020-05-14 10:40:42,225 INFO  [Log] 在Excel文件中读取到的值：chrome 
2020-05-14 10:40:48,746 INFO  [Log] chrome浏览器实例已经声明 
2020-05-14 10:40:48,746 INFO  [Log] 在Excel文件中读取到的值：https://mail.126.com/ 
2020-05-14 10:40:53,257 INFO  [Log] 浏览器访问网址https://mail.126.com/ 
2020-05-14 10:40:53,257 INFO  [Log] 在Excel文件中读取到的值：手机扫码 安全登录1111111 
2020-05-14 10:44:33,793 INFO  [Log] -------------------HomePage01开始执行-------------------------- 
2020-05-14 10:44:33,795 INFO  [Log] 在Excel文件中读取到的值：chrome 
2020-05-14 10:44:40,438 INFO  [Log] chrome浏览器实例已经声明 
2020-05-14 10:44:40,439 INFO  [Log] 在Excel文件中读取到的值：https://mail.126.com/ 
2020-05-14 10:44:44,982 INFO  [Log] 浏览器访问的网址：https://mail.126.com/ 
2020-05-14 10:44:44,983 INFO  [Log] 在Excel文件中读取到的值：手机扫码 安全登录1111111 
2020-05-14 10:50:41,081 INFO  [Log] -------------------HomePage01开始执行-------------------------- 
2020-05-14 10:56:14,111 INFO  [Log] 在Excel文件中读取到的值：chrome 
2020-05-14 10:56:20,649 INFO  [Log] -------------------HomePage01开始执行-------------------------- 
2020-05-14 10:56:20,651 INFO  [Log] 在Excel文件中读取到的值：chrome 
2020-05-14 10:56:27,273 INFO  [Log] chrome浏览器实例已经声明 
2020-05-14 10:56:27,274 INFO  [Log] 在Excel文件中读取到的值：https://mail.126.com/ 
2020-05-14 10:56:32,019 INFO  [Log] 浏览器访问的网址：https://mail.126.com/ 
2020-05-14 10:56:32,020 INFO  [Log] 在Excel文件中读取到的值：手机扫码 安全登录1111111 
2020-05-14 10:56:53,697 INFO  [Log] -------------------HomePage01开始执行-------------------------- 
2020-05-14 10:56:53,699 INFO  [Log] 在Excel文件中读取到的值：chrome 
2020-05-14 10:57:00,188 INFO  [Log] chrome浏览器实例已经声明 
2020-05-14 10:57:00,188 INFO  [Log] 在Excel文件中读取到的值：https://mail.126.com/ 
2020-05-14 10:57:04,828 INFO  [Log] 浏览器访问的网址：https://mail.126.com/ 
2020-05-14 10:57:04,829 INFO  [Log] 在Excel文件中读取到的值：手机扫码 安全登录 
2020-05-14 10:57:04,875 INFO  [Log] 断言是否出现手机扫码 安全登录 
2020-05-14 10:57:04,876 INFO  [Log] 在Excel文件中读取到的值：chrome 
2020-05-14 10:57:05,585 INFO  [Log] 关闭浏览器 
2020-05-14 10:57:05,586 INFO  [Log] -------------------HomePage01结束执行-------------------------- 
2020-05-14 10:58:44,106 INFO  [Log] -------------------Login开始执行-------------------------- 
2020-05-14 10:58:44,108 INFO  [Log] 在Excel文件中读取到的值：chrome 
2020-05-14 10:58:50,689 INFO  [Log] chrome浏览器实例已经声明 
2020-05-14 10:58:50,690 INFO  [Log] 在Excel文件中读取到的值：http://pms.admin.uat.i-fun.tech/page/order-manage/sign-list 
2020-05-14 10:58:55,714 INFO  [Log] 浏览器访问的网址：http://pms.admin.uat.i-fun.tech/page/order-manage/sign-list 
2020-05-14 10:58:55,714 INFO  [Log] 在Excel文件中读取到的值：pengxm@qq.com 
2020-05-14 10:58:56,156 INFO  [Log] 输入用户名：pengxm@qq.com 
2020-05-14 10:58:56,157 INFO  [Log] 在Excel文件中读取到的值：Fun123456 
2020-05-14 10:58:56,212 INFO  [Log] 清除密码输入框的所有内容 
2020-05-14 10:58:56,354 INFO  [Log] 输入密码：Fun123456 
2020-05-14 10:58:56,354 INFO  [Log] 在Excel文件中读取到的值：无 
2020-05-14 10:58:57,958 INFO  [Log] 点击登录按钮 
2020-05-14 10:59:02,960 INFO  [Log] 在Excel文件中读取到的值：无 
2020-05-14 11:32:48,195 INFO  [Log] -------------------Login开始执行-------------------------- 
2020-05-14 11:32:48,197 INFO  [Log] 在Excel文件中读取到的值：chrome 
2020-05-14 11:32:55,024 INFO  [Log] chrome浏览器实例已经声明 
2020-05-14 11:32:55,025 INFO  [Log] 在Excel文件中读取到的值：http://pms.admin.uat.i-fun.tech/page/order-manage/sign-list 
2020-05-14 11:33:03,139 INFO  [Log] 浏览器访问的网址：http://pms.admin.uat.i-fun.tech/page/order-manage/sign-list 
2020-05-14 11:33:03,140 INFO  [Log] 在Excel文件中读取到的值：pengxm@qq.com 
2020-05-14 11:33:03,411 INFO  [Log] 输入用户名：pengxm@qq.com 
2020-05-14 11:33:03,412 INFO  [Log] 在Excel文件中读取到的值：Fun123456 
2020-05-14 11:33:03,460 INFO  [Log] 清除密码输入框的所有内容 
2020-05-14 11:33:03,574 INFO  [Log] 输入密码：Fun123456 
2020-05-14 11:33:03,574 INFO  [Log] 在Excel文件中读取到的值：无 
2020-05-14 11:33:05,261 INFO  [Log] 点击登录按钮 
2020-05-14 11:33:10,262 INFO  [Log] 在Excel文件中读取到的值：无 
2020-05-14 11:33:10,262 INFO  [Log] 在Excel文件中读取到的值：无 
2020-05-14 11:33:10,262 INFO  [Log] 在Excel文件中读取到的值：pengxm1003 
2020-05-14 11:33:21,272 INFO  [Log] 点击公寓输入框 
